<?xml version="1.0" encoding="UTF-8"?>
<!-- Generated by org.testng.reporters.JUnitXMLReporter -->
<testsuite ignored="0" hostname="srinivass-mbp.lan" failures="0" tests="10" name="Default test" time="43.663" errors="0" timestamp="2025-06-30T15:36:57 PDT">
  <testcase classname="UILearnings.projects.ParabankRegistrationTest" name="testRegistration" time="1.201"/>
  <testcase classname="UILearnings.projects.ParabankRegistrationTest" name="testRegistration" time="0.884"/>
  <testcase classname="UILearnings.projects.ParabankRegistrationTest" name="testRegistration" time="0.942"/>
  <testcase classname="UILearnings.projects.ParabankRegistrationTest" name="testRegistration" time="0.945"/>
  <testcase classname="UILearnings.projects.ParabankRegistrationTest" name="testRegistration" time="0.881"/>
  <testcase classname="UILearnings.projects.ParabankRegistrationTest" name="testRegistration" time="0.935"/>
  <testcase classname="UILearnings.projects.ParabankRegistrationTest" name="testRegistration" time="0.935"/>
  <testcase classname="UILearnings.projects.ParabankRegistrationTest" name="testRegistration" time="0.952"/>
  <testcase classname="UILearnings.projects.ParabankRegistrationTest" name="testRegistration" time="1.102"/>
  <testcase classname="UILearnings.projects.ParabankRegistrationTest" name="testRegistration" time="1.385"/>
</testsuite> <!-- Default test -->
