<?xml version="1.0" encoding="UTF-8"?>
<!-- Generated by org.testng.reporters.JUnitXMLReporter -->
<testsuite ignored="0" hostname="srinivass-mbp.lan" failures="10" tests="10" name="ParabankRegistrationTest" time="35.869" errors="0" timestamp="2025-06-30T15:33:09 PDT">
  <testcase classname="UILearnings.projects.ParabankRegistrationTest" name="testRegistration" time="0.575">
    <failure type="java.lang.IllegalArgumentException" message="Unknown field: phoneNumber">
      <![CDATA[java.lang.IllegalArgumentException: Unknown field: phoneNumber
at UILearnings.projectsPageObjects.RegistrationPage.fillField(RegistrationPage.java:115)
at UILearnings.projects.ParabankRegistrationTest.testRegistration(ParabankRegistrationTest.java:33)
at java.base/java.util.ArrayList.forEach(ArrayList.java:1596)
at java.base/java.util.concurrent.FutureTask.run(FutureTask.java:317)
at java.base/java.util.concurrent.ThreadPoolExecutor.runWorker(ThreadPoolExecutor.java:1144)
at java.base/java.util.concurrent.ThreadPoolExecutor$Worker.run(ThreadPoolExecutor.java:642)
at java.base/java.lang.Thread.run(Thread.java:1583)
... Removed 15 stack frames]]>
    </failure>
  </testcase> <!-- testRegistration -->
  <testcase classname="UILearnings.projects.ParabankRegistrationTest" name="testRegistration" time="0.542">
    <failure type="java.lang.IllegalArgumentException" message="Unknown field: phoneNumber">
      <![CDATA[java.lang.IllegalArgumentException: Unknown field: phoneNumber
at UILearnings.projectsPageObjects.RegistrationPage.fillField(RegistrationPage.java:115)
at UILearnings.projects.ParabankRegistrationTest.testRegistration(ParabankRegistrationTest.java:33)
at java.base/java.util.ArrayList.forEach(ArrayList.java:1596)
at java.base/java.util.concurrent.FutureTask.run(FutureTask.java:317)
at java.base/java.util.concurrent.ThreadPoolExecutor.runWorker(ThreadPoolExecutor.java:1144)
at java.base/java.util.concurrent.ThreadPoolExecutor$Worker.run(ThreadPoolExecutor.java:642)
at java.base/java.lang.Thread.run(Thread.java:1583)
... Removed 15 stack frames]]>
    </failure>
  </testcase> <!-- testRegistration -->
  <testcase classname="UILearnings.projects.ParabankRegistrationTest" name="testRegistration" time="0.432">
    <failure type="java.lang.IllegalArgumentException" message="Unknown field: phoneNumber">
      <![CDATA[java.lang.IllegalArgumentException: Unknown field: phoneNumber
at UILearnings.projectsPageObjects.RegistrationPage.fillField(RegistrationPage.java:115)
at UILearnings.projects.ParabankRegistrationTest.testRegistration(ParabankRegistrationTest.java:33)
at java.base/java.util.ArrayList.forEach(ArrayList.java:1596)
at java.base/java.util.concurrent.FutureTask.run(FutureTask.java:317)
at java.base/java.util.concurrent.ThreadPoolExecutor.runWorker(ThreadPoolExecutor.java:1144)
at java.base/java.util.concurrent.ThreadPoolExecutor$Worker.run(ThreadPoolExecutor.java:642)
at java.base/java.lang.Thread.run(Thread.java:1583)
... Removed 15 stack frames]]>
    </failure>
  </testcase> <!-- testRegistration -->
  <testcase classname="UILearnings.projects.ParabankRegistrationTest" name="testRegistration" time="0.426">
    <failure type="java.lang.IllegalArgumentException" message="Unknown field: phoneNumber">
      <![CDATA[java.lang.IllegalArgumentException: Unknown field: phoneNumber
at UILearnings.projectsPageObjects.RegistrationPage.fillField(RegistrationPage.java:115)
at UILearnings.projects.ParabankRegistrationTest.testRegistration(ParabankRegistrationTest.java:33)
at java.base/java.util.ArrayList.forEach(ArrayList.java:1596)
at java.base/java.util.concurrent.FutureTask.run(FutureTask.java:317)
at java.base/java.util.concurrent.ThreadPoolExecutor.runWorker(ThreadPoolExecutor.java:1144)
at java.base/java.util.concurrent.ThreadPoolExecutor$Worker.run(ThreadPoolExecutor.java:642)
at java.base/java.lang.Thread.run(Thread.java:1583)
... Removed 15 stack frames]]>
    </failure>
  </testcase> <!-- testRegistration -->
  <testcase classname="UILearnings.projects.ParabankRegistrationTest" name="testRegistration" time="0.433">
    <failure type="java.lang.IllegalArgumentException" message="Unknown field: phoneNumber">
      <![CDATA[java.lang.IllegalArgumentException: Unknown field: phoneNumber
at UILearnings.projectsPageObjects.RegistrationPage.fillField(RegistrationPage.java:115)
at UILearnings.projects.ParabankRegistrationTest.testRegistration(ParabankRegistrationTest.java:33)
at java.base/java.util.ArrayList.forEach(ArrayList.java:1596)
at java.base/java.util.concurrent.FutureTask.run(FutureTask.java:317)
at java.base/java.util.concurrent.ThreadPoolExecutor.runWorker(ThreadPoolExecutor.java:1144)
at java.base/java.util.concurrent.ThreadPoolExecutor$Worker.run(ThreadPoolExecutor.java:642)
at java.base/java.lang.Thread.run(Thread.java:1583)
... Removed 15 stack frames]]>
    </failure>
  </testcase> <!-- testRegistration -->
  <testcase classname="UILearnings.projects.ParabankRegistrationTest" name="testRegistration" time="0.459">
    <failure type="java.lang.IllegalArgumentException" message="Unknown field: phoneNumber">
      <![CDATA[java.lang.IllegalArgumentException: Unknown field: phoneNumber
at UILearnings.projectsPageObjects.RegistrationPage.fillField(RegistrationPage.java:115)
at UILearnings.projects.ParabankRegistrationTest.testRegistration(ParabankRegistrationTest.java:33)
at java.base/java.util.ArrayList.forEach(ArrayList.java:1596)
at java.base/java.util.concurrent.FutureTask.run(FutureTask.java:317)
at java.base/java.util.concurrent.ThreadPoolExecutor.runWorker(ThreadPoolExecutor.java:1144)
at java.base/java.util.concurrent.ThreadPoolExecutor$Worker.run(ThreadPoolExecutor.java:642)
at java.base/java.lang.Thread.run(Thread.java:1583)
... Removed 15 stack frames]]>
    </failure>
  </testcase> <!-- testRegistration -->
  <testcase classname="UILearnings.projects.ParabankRegistrationTest" name="testRegistration" time="0.44">
    <failure type="java.lang.IllegalArgumentException" message="Unknown field: phoneNumber">
      <![CDATA[java.lang.IllegalArgumentException: Unknown field: phoneNumber
at UILearnings.projectsPageObjects.RegistrationPage.fillField(RegistrationPage.java:115)
at UILearnings.projects.ParabankRegistrationTest.testRegistration(ParabankRegistrationTest.java:33)
at java.base/java.util.ArrayList.forEach(ArrayList.java:1596)
at java.base/java.util.concurrent.FutureTask.run(FutureTask.java:317)
at java.base/java.util.concurrent.ThreadPoolExecutor.runWorker(ThreadPoolExecutor.java:1144)
at java.base/java.util.concurrent.ThreadPoolExecutor$Worker.run(ThreadPoolExecutor.java:642)
at java.base/java.lang.Thread.run(Thread.java:1583)
... Removed 15 stack frames]]>
    </failure>
  </testcase> <!-- testRegistration -->
  <testcase classname="UILearnings.projects.ParabankRegistrationTest" name="testRegistration" time="0.466">
    <failure type="java.lang.IllegalArgumentException" message="Unknown field: phoneNumber">
      <![CDATA[java.lang.IllegalArgumentException: Unknown field: phoneNumber
at UILearnings.projectsPageObjects.RegistrationPage.fillField(RegistrationPage.java:115)
at UILearnings.projects.ParabankRegistrationTest.testRegistration(ParabankRegistrationTest.java:33)
at java.base/java.util.ArrayList.forEach(ArrayList.java:1596)
at java.base/java.util.concurrent.FutureTask.run(FutureTask.java:317)
at java.base/java.util.concurrent.ThreadPoolExecutor.runWorker(ThreadPoolExecutor.java:1144)
at java.base/java.util.concurrent.ThreadPoolExecutor$Worker.run(ThreadPoolExecutor.java:642)
at java.base/java.lang.Thread.run(Thread.java:1583)
... Removed 15 stack frames]]>
    </failure>
  </testcase> <!-- testRegistration -->
  <testcase classname="UILearnings.projects.ParabankRegistrationTest" name="testRegistration" time="0.45">
    <failure type="java.lang.IllegalArgumentException" message="Unknown field: phoneNumber">
      <![CDATA[java.lang.IllegalArgumentException: Unknown field: phoneNumber
at UILearnings.projectsPageObjects.RegistrationPage.fillField(RegistrationPage.java:115)
at UILearnings.projects.ParabankRegistrationTest.testRegistration(ParabankRegistrationTest.java:33)
at java.base/java.util.ArrayList.forEach(ArrayList.java:1596)
at java.base/java.util.concurrent.FutureTask.run(FutureTask.java:317)
at java.base/java.util.concurrent.ThreadPoolExecutor.runWorker(ThreadPoolExecutor.java:1144)
at java.base/java.util.concurrent.ThreadPoolExecutor$Worker.run(ThreadPoolExecutor.java:642)
at java.base/java.lang.Thread.run(Thread.java:1583)
... Removed 15 stack frames]]>
    </failure>
  </testcase> <!-- testRegistration -->
  <testcase classname="UILearnings.projects.ParabankRegistrationTest" name="testRegistration" time="0.421">
    <failure type="java.lang.IllegalArgumentException" message="Unknown field: phoneNumber">
      <![CDATA[java.lang.IllegalArgumentException: Unknown field: phoneNumber
at UILearnings.projectsPageObjects.RegistrationPage.fillField(RegistrationPage.java:115)
at UILearnings.projects.ParabankRegistrationTest.testRegistration(ParabankRegistrationTest.java:33)
at java.base/java.util.ArrayList.forEach(ArrayList.java:1596)
at java.base/java.util.concurrent.FutureTask.run(FutureTask.java:317)
at java.base/java.util.concurrent.ThreadPoolExecutor.runWorker(ThreadPoolExecutor.java:1144)
at java.base/java.util.concurrent.ThreadPoolExecutor$Worker.run(ThreadPoolExecutor.java:642)
at java.base/java.lang.Thread.run(Thread.java:1583)
... Removed 15 stack frames]]>
    </failure>
  </testcase> <!-- testRegistration -->
</testsuite> <!-- ParabankRegistrationTest -->
